
0.2260000000000001
0.24900000000000008
0.20600000000000002
0.198
0.21300000000000005
0.2090000000000001
0.22500000000000006
0.17600000000000005
0.24300000000000016
0.17300000000000001
0.20000000000000015
0.24300000000000005
0.11800000000000005
0.145
0.18300000000000005
0.2390000000000002
0.24100000000000013
0.24800000000000014
0.275
0.17500000000000004
0.16599999999999995
0.1740000000000002
0.141
0.19900000000000007
0.23100000000000012
0.24
0.207
0.20400000000000007
0.29600000000000004
0.3420000000000001
0.2980000000000003
0.21
0.23600000000000013
0.272
0.185
0.3060000000000002
0.24700000000000014
0.21300000000000005
0.16899999999999998
0.18600000000000003
0.26
0.24000000000000007
0.22099999999999992
0.15200000000000002
0.245
0.2690000000000001
0.24700000000000003
0.17200000000000004
0.10600000000000011
0.11200000000000003
0.18
0.28600000000000014
0.2210000000000001
0.2789999999999999
0.23299999999999998
0.21800000000000005
0.2230000000000001
0.30400000000000005
0.23600000000000002
0.18700000000000003
0.18900000000000008
0.17300000000000007
0.07300000000000009
0.11400000000000009
0.14200000000000004
0.1380000000000001
0.15400000000000003
0.18700000000000014
0.21400000000000002
0.192
0.20700000000000002
0.14
0.24000000000000007
0.27000000000000024
0.21700000000000014
0.18100000000000002
0.20800000000000005
0.22799999999999992
0.11800000000000005
0.10100000000000003
0.16600000000000004
0.24000000000000007
0.262
0.2850000000000001
0.24100000000000021
0.22900000000000012
0.24400000000000002
0.1780000000000001
0.22700000000000004
0.18800000000000008
0.18800000000000008
0.19499999999999995
0.2860000000000001
0.2950000000000001
0.2680000000000001
0.236
0.22100000000000009
0.20200000000000004
0.19799999999999998
0.22999999999999987
0.2349999999999999
0.23099999999999998
0.2280000000000001
0.30300000000000005
0.3329999999999999
0.32399999999999984
0.20700000000000007
0.22899999999999987
0.166
0.2989999999999999
0.187
0.21900000000000014
0.13300000000000006
0.16200000000000003
0.18500000000000008
0.11800000000000005
0.20900000000000005
0.22100000000000009
0.22900000000000006
0.18800000000000006
0.19400000000000006
0.18000000000000008
0.20000000000000007
0.231
0.2320000000000001
0.22200000000000014
0.23000000000000004
0.19200000000000006
0.166
0.17500000000000004
0.16
0.15700000000000003
0.12200000000000001
0.12700000000000003
0.306
0.2740000000000001
0.28600000000000014
0.3000000000000001
0.2550000000000002
0.25100000000000017
0.22600000000000015
0.2740000000000001
0.2700000000000001
0.26699999999999996
0.27000000000000013
0.2739999999999999
0.358
0.353
0.34699999999999975
0.40499999999999986
0.2720000000000001
0.31000000000000016
0.25500000000000006
0.285
0.29200000000000004
0.2919999999999999
0.2520000000000001
0.31900000000000006
0.265
0.23900000000000016
0.27899999999999997
0.26700000000000007
0.31899999999999995
0.31200000000000006
0.15400000000000003
0.151
0.12900000000000003
0.16000000000000006
0.12300000000000001
0.134
0.21400000000000002
0.24800000000000008
0.22700000000000004
0.2010000000000001
0.13999999999999999
0.13500000000000004
0.14999999999999994
0.11900000000000013
0.10100000000000003
0.12200000000000003
0.16399999999999998
0.146
0.19699999999999995
0.24700000000000022
0.12600000000000006
0.16299999999999992
0.23800000000000004
0.2500000000000001
0.253
0.21600000000000005
0.29900000000000015
0.25300000000000006
0.22900000000000012
0.2480000000000001
0.21800000000000025
0.3529999999999998
0.40099999999999963
0.38599999999999995
0.3450000000000001
0.3560000000000001
0.3520000000000001
0.30400000000000016
0.3200000000000001
0.3320000000000004
0.26300000000000023
0.34900000000000014
0.2880000000000001
0.30100000000000016
0.3250000000000001
0.22500000000000017
0.30200000000000027
0.28900000000000015
0.20299999999999996
0.2980000000000001
0.24400000000000002
0.39799999999999996
0.2260000000000001
0.3659999999999998
0.27499999999999997
0.26999999999999996
0.24100000000000008
0.18599999999999994
0.19899999999999995
0.24
0.24600000000000005
0.19099999999999998
0.2350000000000001
0.09900000000000009
0.12900000000000003
0.15199999999999997
0.13900000000000004
0.1729999999999999
0.2459999999999999
0.19199999999999995
0.19100000000000011
0.19099999999999998
0.22599999999999998
0.26299999999999996
0.253
0.2270000000000001
0.21100000000000002
0.21200000000000008
0.1830000000000001
0.24800000000000022
0.18
0.19800000000000018
0.24200000000000008
0.22800000000000012
0.2770000000000001
0.29500000000000004
0.35099999999999987
0.412
0.359
0.45799999999999985
0.319
0.282
0.326
0.2980000000000001
0.33199999999999996
0.32699999999999996
0.30800000000000005
0.33299999999999996
0.4029999999999998
0.37299999999999983
0.308
0.2890000000000001
0.3520000000000001
0.36200000000000004
0.401
0.44900000000000007
0.3600000000000001
0.4149999999999999
0.4099999999999999
0.25600000000000006
0.16700000000000007
0.12800000000000003
0.11000000000000006
0.22700000000000004
0.23000000000000004
0.20199999999999999
0.19899999999999995
0.22600000000000006
0.2520000000000001
0.27799999999999997
0.25300000000000006
0.21199999999999997
0.291
0.281
0.23900000000000016
0.22800000000000004
0.17200000000000004
0.2600000000000001
0.248
0.256
0.22199999999999995
0.27099999999999996
0.265
0.30700000000000016
0.447
0.321
0.28600000000000025
0.2950000000000001
0.2520000000000002
0.3660000000000002
0.371
0.45799999999999985
0.3000000000000001
0.3070000000000001
0.37699999999999984
0.3960000000000001
0.2740000000000001
0.3809999999999999
0.3100000000000001
0.35999999999999993
0.3919999999999999
0.4259999999999999
0.3609999999999997
0.31300000000000006
0.3440000000000001
0.4159999999999998
0.24700000000000027
0.379
0.3479999999999999
0.32299999999999995
0.31600000000000006
0.39400000000000013
0.2520000000000001
0.22500000000000014
0.22400000000000012
0.2580000000000001
0.21000000000000005
0.17800000000000007
0.17900000000000005
0.23800000000000016
0.223
0.1660000000000001
0.22200000000000006
0.169
0.20899999999999996
0.19699999999999998
0.2200000000000001
0.21300000000000005
0.23700000000000013
0.1850000000000001
0.1700000000000001
0.20300000000000004
0.26100000000000007
0.2580000000000002
0.20900000000000002
0.1990000000000001
0.24400000000000024
0.3540000000000002
0.3450000000000001
0.3289999999999999
0.26100000000000007
0.26600000000000024
0.2560000000000003
0.22900000000000018
0.20900000000000013
0.2610000000000002
0.22800000000000017
0.21800000000000014
0.22000000000000014
0.2560000000000002
0.22100000000000006
0.25000000000000017
0.20900000000000005
0.2160000000000001
0.23200000000000004
0.2310000000000002
0.2320000000000001
0.22900000000000012
0.22400000000000012
0.2470000000000001
0.269
0.2230000000000001
0.22000000000000017
0.26300000000000007
0.4
0.3879999999999997
0.37500000000000006
0.4099999999999998
0.18900000000000003
0.19800000000000006
0.33000000000000007
0.31100000000000017
0.2850000000000001
0.2460000000000001
0.35300000000000004
0.36999999999999994
0.3210000000000002
0.19900000000000012
0.1850000000000001
0.2740000000000001
0.22699999999999998
0.25799999999999995
0.29200000000000015
0.21200000000000016
0.22400000000000017
0.21400000000000008
0.21100000000000005
0.2270000000000001
0.22800000000000004
0.2690000000000002
0.22400000000000003
0.23700000000000013
0.333
0.2930000000000002
0.2470000000000001
0.2790000000000001
0.29400000000000004
0.33799999999999997
0.3770000000000001
0.2930000000000001
0.28800000000000014
0.355
0.3140000000000001
0.3300000000000001
0.3220000000000002
0.32000000000000023
0.3280000000000001
0.3190000000000002
0.2420000000000001
0.23100000000000023
0.2350000000000002
0.2680000000000003
0.2600000000000001
0.29700000000000026
0.24200000000000013
0.3140000000000003
0.2830000000000002
0.29700000000000026
0.3740000000000001
0.43000000000000005
0.39400000000000013
0.45099999999999996
0.5559999999999998
0.612
0.565
0.5140000000000002
0.4380000000000001
0.40299999999999997
0.5170000000000001
0.39799999999999974
0.423
0.344
0.284
0.31300000000000017
0.2690000000000001
0.3130000000000001
0.36199999999999993
0.2799999999999999
0.264
0.233
0.18700000000000003
0.2290000000000001
0.22300000000000011
0.1850000000000001
0.23700000000000013
0.23600000000000004
0.22400000000000006
0.2640000000000002
0.22600000000000012
0.22400000000000012
0.24600000000000005
0.353
0.4549999999999999
0.4329999999999998
0.43399999999999994
0.38000000000000006
0.4529999999999999
0.4299999999999997
0.35200000000000004
0.363
0.338
0.31500000000000006
0.38499999999999984
0.39699999999999996
0.35999999999999993
0.35499999999999987
0.3640000000000001
0.26
0.3070000000000002
0.31000000000000005
0.3929999999999996
0.30000000000000016
0.2640000000000002
0.26400000000000023
0.2580000000000002
0.2590000000000002
0.3110000000000001
0.25100000000000017
0.29700000000000015
0.25000000000000006
0.2720000000000002
0.32500000000000007
0.42300000000000004
0.431
0.3910000000000003
0.4079999999999999
0.18000000000000008
0.25000000000000006
0.30799999999999994
0.27699999999999997
0.341
0.34199999999999997
0.3140000000000002
0.3460000000000001
0.26200000000000007
0.29600000000000004
0.3800000000000001
0.44499999999999984
0.4469999999999999
0.4290000000000002
0.4579999999999999
0.3579999999999999
0.348
0.39399999999999996
0.3830000000000001
0.31000000000000016
0.3949999999999998
0.377
0.357
0.41399999999999987
0.418
0.42400000000000004
0.373
0.3979999999999999
0.43900000000000033
0.47100000000000003
0.4220000000000004
0.41
0.49200000000000005
0.37899999999999984
0.4389999999999999
0.3929999999999997
0.5029999999999997
0.46599999999999964
0.46299999999999975
0.46899999999999975
0.48199999999999976
0.4749999999999998
0.48399999999999993
0.5040000000000001
0.44999999999999996
0.41899999999999976
0.43700000000000006
0.4249999999999999
0.429
0.46000000000000013
0.5309999999999999
0.5159999999999997
0.4060000000000001
0.371
0.371
0.3350000000000001
0.353
0.36399999999999993
0.35400000000000004
0.3989999999999999
0.3529999999999999
0.41300000000000003
0.41399999999999987
0.34299999999999997
0.4629999999999999
0.3989999999999999
0.3680000000000001
0.3260000000000002
0.303
0.34800000000000003
0.355
0.34099999999999997
0.33300000000000013
0.26200000000000007
0.23900000000000005
0.22400000000000017
0.2480000000000001
0.23899999999999996
0.24
0.2390000000000001
0.21500000000000008
0.26500000000000007
0.19100000000000006
0.24300000000000008
0.2540000000000001
0.2550000000000002
0.20000000000000007
0.2350000000000001
0.22800000000000012
0.22900000000000012
0.29900000000000015
0.34300000000000014
0.3329999999999999
0.237
0.258
0.2990000000000001
0.237
0.2740000000000001
0.30999999999999994
0.34199999999999986
0.40399999999999986
0.36500000000000005
0.354
0.36099999999999993
0.45199999999999996
0.3759999999999999
0.37999999999999984
0.418
0.442
0.4439999999999998
0.3659999999999997
0.34700000000000025
0.30600000000000005
0.361
0.3010000000000001
0.4159999999999999
0.29300000000000015
0.28600000000000014
0.27800000000000014
0.32300000000000023
0.336
0.28500000000000014
0.3270000000000001
0.2730000000000001
0.4129999999999998
0.341
0.2880000000000002
0.30400000000000016
0.32900000000000007
0.263
0.31500000000000006
0.3500000000000002
0.35100000000000003
0.3600000000000001
0.45100000000000007
0.43699999999999983
0.4789999999999997
0.45499999999999985
0.45299999999999996
0.488
0.4649999999999998
0.47599999999999987
0.34100000000000014
0.2760000000000002
0.2460000000000001
0.24000000000000007
0.24500000000000013
0.22100000000000006
0.26300000000000007
0.306
0.30500000000000005
0.25100000000000017
0.22800000000000012
0.21000000000000008
0.2110000000000002
0.22000000000000003
0.22900000000000012
0.21500000000000008
0.2550000000000002
0.2280000000000001
0.2420000000000001
0.27800000000000014
0.23600000000000015
0.23900000000000024
0.2550000000000001
0.191
0.22300000000000011
0.27800000000000014
0.3850000000000001
0.48699999999999977
0.4959999999999999
0.7150000000000003
0.6119999999999995
0.34100000000000014
0.41600000000000004
0.488
0.3600000000000001
0.3610000000000001
0.4629999999999997
0.4029999999999999
0.37599999999999995
0.387
0.345
0.32300000000000006
0.42999999999999994
0.43700000000000006
0.40200000000000025
0.33500000000000013
0.35300000000000004
0.4129999999999999
0.337
0.33100000000000007
0.33000000000000007
0.33100000000000024
0.3270000000000002
0.32799999999999996
0.331
0.409
0.384
0.45
0.39100000000000007
0.39599999999999996
0.4
0.4629999999999999
0.6059999999999998
0.45799999999999974
0.47499999999999987
0.44199999999999984
0.5209999999999997
0.5039999999999998
0.5189999999999997
0.6239999999999998
0.5759999999999994
0.628
0.6009999999999995
0.5779999999999993
0.4679999999999999
0.48100000000000004
0.589
0.441
0.42800000000000016
0.4509999999999997
0.5459999999999997
0.5409999999999995
0.5749999999999997
0.4209999999999997
0.41900000000000004
0.4430000000000003
0.49999999999999983
0.5119999999999999
0.45099999999999996
0.47399999999999964
0.38799999999999985
0.37199999999999994
0.41399999999999976
0.4829999999999997
0.44799999999999995
0.4739999999999997
0.42899999999999977
0.436
0.348
0.39099999999999996
0.446
0.38299999999999995
0.24899999999999994
0.2280000000000001
0.30800000000000005
0.3410000000000001
0.46299999999999986
0.4119999999999998
0.444
0.47599999999999953
0.4719999999999997
0.5319999999999997
0.46199999999999997
0.5159999999999997
0.5579999999999997
0.45799999999999985
0.4739999999999999
0.4109999999999999
0.36699999999999994
0.3490000000000002
0.38199999999999995
0.3999999999999997
0.3619999999999998
0.34099999999999997
0.3789999999999998
0.337
0.31400000000000006
0.38
0.29700000000000026
0.2720000000000001
0.34299999999999997
0.35700000000000004
0.38399999999999984
0.3759999999999998
0.39799999999999974
0.37
0.29300000000000004
0.3839999999999999
0.3399999999999999
0.36400000000000005
0.38499999999999973
0.3779999999999998
0.4719999999999998
0.5410000000000001
0.5279999999999998
0.7359999999999993
0.7219999999999999
0.4329999999999998
0.45299999999999974
0.44399999999999973
0.46699999999999975
0.4439999999999999
0.4409999999999999
0.48300000000000004
0.46599999999999975
0.5039999999999999
0.5049999999999999
0.475
0.48899999999999977
0.3789999999999999
0.3390000000000001
0.37800000000000017
0.3639999999999998
0.47399999999999975
0.4509999999999997
0.5489999999999999
0.5099999999999997
0.685
0.5879999999999995
0.7209999999999995
0.7649999999999999
0.6699999999999997
0.6309999999999996
0.6629999999999998
0.6569999999999995
0.6709999999999997
0.6409999999999998
0.6719999999999993
0.5399999999999996
0.6839999999999996
0.6659999999999995
0.6159999999999998
0.6129999999999997
0.6059999999999998
0.5619999999999996
0.625
0.6999999999999996
0.6279999999999998
0.6929999999999994
0.5779999999999996
0.645
0.6839999999999996
0.778999999999999
0.4259999999999997
0.40199999999999997
0.3809999999999999
0.3729999999999998
0.3420000000000001
0.29
0.343
0.3500000000000001
0.332
0.2909999999999999
0.31300000000000006
0.3329999999999999
0.3519999999999998
0.36699999999999994
0.35100000000000003
0.4049999999999999
0.32999999999999985
0.3170000000000001
0.33999999999999986
0.327
0.32
0.4909999999999997
0.4330000000000001
0.4779999999999998
0.47999999999999965
0.543
0.5579999999999996
0.5339999999999995
0.592
0.6069999999999999
0.5139999999999998
0.5419999999999997
0.5169999999999999
0.4550000000000001
0.4159999999999998
0.5419999999999998
0.5049999999999999
0.4710000000000001
0.4989999999999997
0.518
0.49499999999999994
0.5069999999999999
0.4839999999999998
0.5579999999999999
0.49999999999999967
0.458
0.5309999999999999
0.54
0.485
0.4809999999999999
0.507
0.44400000000000006
0.4729999999999999
0.5739999999999998
0.6039999999999999
0.8349999999999993
0.7159999999999996
0.6479999999999996
0.694
0.6509999999999995
0.6199999999999997
0.7809999999999997
0.8199999999999997
0.9239999999999995
0.7729999999999998
0.7089999999999996
0.8019999999999996
0.6949999999999994
0.6799999999999996
0.7599999999999996
0.6939999999999997
0.4799999999999999
0.4589999999999999
0.376
0.40499999999999986
0.4089999999999999
0.3769999999999999
0.37999999999999995
0.379
0.3560000000000001
0.31799999999999995
0.333
0.302
0.344
0.3360000000000001
0.2760000000000001
0.33000000000000007
0.3160000000000001
0.33899999999999997
0.2919999999999999
0.3449999999999999
0.3779999999999999
0.37699999999999995
0.5359999999999999
0.5329999999999999
0.5389999999999998
0.4749999999999999
0.5389999999999996
0.5359999999999999
0.5849999999999995
0.6039999999999995
0.561
0.517
0.6289999999999998
0.4600000000000001
0.49999999999999983
0.5339999999999998
0.4879999999999997
0.4660000000000001
0.5569999999999997
0.537
0.4779999999999999
0.47099999999999986
0.5389999999999999
0.498
0.5349999999999999
0.5039999999999999
0.5779999999999998
0.49299999999999977
0.5399999999999996
0.579
0.8129999999999992
0.4519999999999998
0.4699999999999997
0.6019999999999998
0.5639999999999998
0.5129999999999998
0.5489999999999998
0.5779999999999998
0.6149999999999994
0.6
0.6909999999999998
0.6739999999999996
0.7479999999999998
0.6859999999999994
0.6659999999999998
0.7349999999999993
0.7239999999999995
0.6879999999999994
0.7649999999999991
0.6639999999999995
0.8119999999999995
0.7169999999999994
0.7229999999999996
0.7199999999999994
0.8549999999999998
0.7989999999999998
0.7129999999999995
0.546
0.568
0.4499999999999996
0.5589999999999998
0.5509999999999997
0.5109999999999996
0.5509999999999996
0.5659999999999994
0.5489999999999994
0.5469999999999999
0.5029999999999999
0.5319999999999997
0.48399999999999976
0.48699999999999993
0.4619999999999999
0.543
0.428
0.48299999999999976
0.48999999999999994
0.32899999999999996
0.34
0.3150000000000001
0.32699999999999996
0.34299999999999997
0.368
0.4389999999999997
0.4359999999999996
0.40899999999999986
0.4229999999999998
0.38499999999999984
0.397
0.39799999999999985
0.39
0.41699999999999976
0.4469999999999997
0.4109999999999998
0.40699999999999975
0.4279999999999999
0.41
0.571
0.7320000000000002
0.7280000000000001
0.7489999999999999
0.779
0.7200000000000002
0.7080000000000001
0.7539999999999999
0.7019999999999997
0.6739999999999998
0.7049999999999998
0.5489999999999997
0.45499999999999957
0.4389999999999999
0.4379999999999999
0.4319999999999999
0.4549999999999999
0.475
0.49700000000000005
0.45
0.4029999999999998
0.4459999999999999
0.46599999999999986
0.48999999999999977
0.43399999999999983
0.43199999999999994
0.44599999999999973
0.5069999999999999
0.5339999999999997
0.6649999999999997
0.7399999999999994
0.6589999999999996
0.7469999999999994
0.7609999999999993
0.7319999999999998
0.6829999999999993
0.7489999999999992
0.7099999999999997
0.7519999999999996
0.7029999999999995
0.6659999999999998
0.7019999999999993
0.8449999999999993
0.8379999999999993
0.7729999999999994
0.7419999999999999
0.5679999999999995
0.3629999999999999
0.41099999999999964
0.369
0.3739999999999998
0.40399999999999997
0.37499999999999994
0.3679999999999998
0.37300000000000005
0.38799999999999996
0.3909999999999998
0.3829999999999999
0.37599999999999995
0.35100000000000003
0.32599999999999996
0.36200000000000004
0.38500000000000006
0.34399999999999986
0.3350000000000001
0.335
0.38600000000000007
0.3539999999999999
0.3449999999999999
0.3999999999999999
0.418
0.451
0.4589999999999999
0.5319999999999997
0.5249999999999999
0.5479999999999999
0.549
0.48899999999999993
0.5459999999999997
0.6079999999999999
0.5579999999999998
0.6110000000000001
0.5429999999999999
0.514
0.5129999999999996
0.6689999999999999
0.7209999999999996
0.6859999999999999
0.8309999999999998
0.784
0.8040000000000002
1.233999999999999
1.6199999999999997
0.7419999999999995
0.7649999999999992
0.7699999999999995
0.6379999999999995
0.48100000000000004
0.45999999999999985
0.5140000000000002
0.436
0.48100000000000004
0.501
0.401
0.4139999999999999
0.37
0.379
0.4679999999999998
0.4209999999999998
0.434
0.4239999999999998
0.44699999999999984
0.38900000000000007
0.48999999999999994
0.6479999999999997
0.5589999999999998
0.5499999999999998
0.4730000000000001
0.357
0.4299999999999999
0.5889999999999999
0.4909999999999999
0.5119999999999999
0.523
0.5319999999999999
0.6049999999999996
0.5469999999999997
0.5979999999999996
0.6200000000000001
0.5119999999999997
0.501
0.30800000000000016
0.338
0.33000000000000007
0.37200000000000005
0.31500000000000006
0.34000000000000014
0.343
0.3960000000000001
0.31100000000000017
0.3679999999999999
0.3610000000000002
0.31800000000000006
0.332
0.337
0.3560000000000001
0.39699999999999996
0.402
0.3999999999999999
0.3669999999999999
0.40399999999999975
0.46299999999999975
0.41600000000000004
0.37499999999999994
0.4089999999999997
0.3839999999999999
0.353
0.40699999999999986
0.47799999999999976
0.36499999999999994
0.35199999999999987
0.3789999999999999
0.4259999999999999
0.4049999999999998
0.38599999999999973
0.36599999999999994
0.4020000000000002
0.35499999999999976
0.37499999999999983
0.381
0.322
0.31499999999999995
0.42699999999999994
0.522
0.5299999999999999
0.5049999999999997
0.5389999999999998
0.5239999999999999
0.49799999999999967
0.536
0.4179999999999997
0.5339999999999998
0.488
0.4919999999999998
0.5409999999999999
0.5159999999999996
0.565
0.544
0.5139999999999998
0.4899999999999997
0.5009999999999999
0.5069999999999998
0.5079999999999999
0.5339999999999998
0.5219999999999999
0.4650000000000001
0.574
0.5139999999999998
0.5209999999999999
0.5149999999999997
0.559
0.49999999999999983
0.5349999999999998
0.5799999999999997
0.8249999999999996
0.8869999999999991
0.8059999999999996
1.0119999999999996
0.7879999999999996
0.7459999999999993
0.8109999999999995
0.7819999999999994
0.7449999999999996
0.7379999999999997
0.7439999999999993
0.7399999999999995
0.7239999999999993
0.7289999999999993
0.7269999999999996
0.8079999999999994
0.6909999999999996
0.6279999999999997
0.6539999999999996
0.5219999999999997
0.3889999999999999
0.423
0.3460000000000001
0.3560000000000001
0.3760000000000001
0.34
0.336
0.40599999999999986
0.37599999999999995
0.32800000000000007
0.344
0.36399999999999977
0.38299999999999984
0.33099999999999996
0.36700000000000005
0.34700000000000003
0.3559999999999999
0.337
0.33299999999999996
0.36999999999999994
0.407
0.486
0.47200000000000003
0.4859999999999997
0.5169999999999999
0.5249999999999997
0.4729999999999998
0.4809999999999998
0.561
0.5389999999999999
0.5740000000000001
0.5579999999999997
0.5439999999999999
0.4899999999999999
0.48999999999999977
0.4809999999999997
0.5059999999999998
0.53
0.4829999999999998
0.485
0.45999999999999974
0.4380000000000001
0.49400000000000005
0.512
0.4699999999999999
0.4159999999999997
0.48300000000000004
0.455
0.502
0.45099999999999985
0.5919999999999996
0.7039999999999997
0.8419999999999994
0.7399999999999993
0.758
0.8139999999999994
0.8679999999999992
0.8279999999999997
0.7559999999999998
0.8629999999999997
0.7979999999999993
0.7359999999999992
0.7329999999999994
0.6159999999999998
0.7759999999999994
0.6819999999999995
0.3790000000000003
0.37499999999999994
0.4019999999999998
0.38199999999999995
0.38199999999999995
0.3559999999999999
0.357
0.3600000000000001
0.3400000000000001
0.342
0.3549999999999999
0.3649999999999999
0.3370000000000001
0.3190000000000001
0.35899999999999993
0.32000000000000006
0.35599999999999987
0.3390000000000001
0.325
0.35400000000000004
0.3419999999999998
0.3619999999999998
0.32799999999999996
0.5189999999999999
0.4699999999999998
0.511
0.46299999999999963
0.45699999999999974
0.5189999999999999
0.5299999999999999
0.5579999999999999
0.5449999999999999
0.5479999999999998
0.5169999999999998
0.539
0.5569999999999997
0.548
0.5409999999999999
0.5549999999999998
0.5239999999999998
0.529
0.5540000000000002
0.5439999999999996
0.4859999999999997
0.4839999999999998
0.4949999999999997
0.5199999999999995
0.5709999999999996
0.5049999999999996
0.5299999999999997
0.5669999999999995
0.6089999999999994
0.5719999999999995
0.5699999999999993
0.5969999999999994
0.5649999999999994
0.5449999999999996
0.5959999999999998
0.514
0.5219999999999996
0.5349999999999998
0.5509999999999995
0.7389999999999993
0.7339999999999992
0.7739999999999994
0.7109999999999999
0.7769999999999996
0.7939999999999995
0.7789999999999995
0.7839999999999995
0.6809999999999996
0.7839999999999994
0.7759999999999994
0.7059999999999995
0.6659999999999994
0.6319999999999998
0.6819999999999996
0.7199999999999998
0.7079999999999993
0.6759999999999995
0.5959999999999994
0.434
0.37799999999999995
0.36999999999999994
0.40399999999999997
0.37299999999999983
0.42399999999999993
0.424
0.41399999999999987
0.4019999999999997
0.3949999999999999
0.3729999999999999
0.35999999999999976
0.3619999999999999
0.3420000000000001
0.36999999999999994
0.3799999999999998
0.40399999999999986
0.417
0.43999999999999984
0.4309999999999998
0.518
0.48999999999999977
0.44799999999999984
0.47899999999999987
0.4379999999999998
0.44599999999999995
0.45199999999999996
0.47600000000000003
0.43499999999999994
0.434
0.5079999999999998
0.546
0.48099999999999987
0.562
0.4829999999999997
0.52
0.478
0.4679999999999999
0.45799999999999985
0.43999999999999967
0.46800000000000014
0.44999999999999996
0.4919999999999998
0.47899999999999987
0.4619999999999999
0.4409999999999998
0.5779999999999995
0.5949999999999998
0.6069999999999995
0.5619999999999997
0.5719999999999996
0.6099999999999995
0.6189999999999994
0.5349999999999998
0.5879999999999994
0.5799999999999995
0.5259999999999995
0.5679999999999995
0.5619999999999994
0.5329999999999998
0.8159999999999998
0.6879999999999997
0.7029999999999997
0.7859999999999994
0.7559999999999993
0.7319999999999994
0.7259999999999992
0.8109999999999995
0.856999999999999
0.783999999999999
0.7739999999999995
0.7039999999999992
0.7509999999999993
0.6859999999999989
0.5099999999999997
0.39299999999999996
0.38499999999999995
0.3770000000000001
0.37300000000000005
0.37300000000000005
0.3270000000000001
0.3190000000000001
0.28400000000000025
0.2660000000000001
0.3240000000000001
0.37199999999999994
0.33299999999999996
0.37699999999999995
0.348
0.38299999999999984
0.37300000000000005
0.342
0.34
0.3729999999999999
0.3869999999999998
0.39899999999999985
0.3959999999999998
0.4709999999999998
0.5299999999999998
0.5059999999999998
0.5059999999999999
0.4899999999999997
0.5319999999999999
0.5499999999999998
0.5349999999999999
0.518
0.43399999999999983
0.424
0.449
0.44699999999999995
0.4879999999999999
0.4619999999999998
0.44799999999999984
0.48899999999999993
0.4609999999999998
0.47599999999999987
0.43799999999999994
0.4660000000000001
0.45799999999999985
0.48399999999999976
0.4679999999999998
0.4899999999999997
0.442
0.5089999999999998
0.8819999999999995
0.7869999999999996
0.6779999999999998
0.7499999999999994
0.7989999999999995
0.6629999999999997
0.7259999999999996
0.7569999999999995
0.6859999999999994
0.6859999999999995
0.7309999999999997
0.6679999999999999
0.4959999999999999
0.5159999999999999
0.496
0.5519999999999999
0.509
0.5359999999999995
0.6519999999999996
0.5809999999999994
0.4669999999999996
0.5599999999999994
0.5489999999999998
0.4459999999999995
0.5169999999999998
0.5879999999999994
0.5499999999999996
0.5329999999999996
0.5529999999999995
0.5549999999999995
0.4409999999999997
0.5349999999999995
0.4739999999999995
0.3869999999999997
0.40899999999999986
0.3829999999999999
0.3429999999999999
0.41399999999999987
0.35999999999999993
0.3429999999999998
0.42199999999999976
0.2890000000000001
0.304
0.3240000000000001
0.28
0.2970000000000001
0.30800000000000005
0.284
0.30400000000000005
0.302
0.2810000000000002
0.2740000000000001
0.2770000000000002
0.335
0.352
0.322
0.364
0.5719999999999997
0.635
0.4819999999999999
0.49399999999999994
0.4899999999999999
0.5259999999999999
0.4859999999999999
0.4859999999999998
0.5219999999999996
0.49999999999999983
0.4859999999999996
0.5279999999999999
0.504
0.38
0.3719999999999997
0.4199999999999999
0.412
0.462
0.39799999999999974
0.5279999999999999
0.5099999999999999
0.5579999999999997
0.586
0.64
0.7199999999999995
0.7489999999999993
0.6319999999999998
0.6419999999999996
0.616
0.5740000000000002
0.6459999999999997
0.675
0.7449999999999996
0.786
0.7189999999999995
0.7129999999999993
0.5479999999999998
0.5689999999999997
0.5249999999999997
0.5479999999999996
0.6139999999999997
0.6599999999999997
0.6119999999999999
0.6299999999999993
0.5719999999999996
0.6139999999999997
0.7139999999999993
0.7409999999999995
0.7169999999999996
0.6719999999999996
0.5839999999999997
0.4920000000000001
0.488
0.43299999999999983
0.3919999999999998
0.45000000000000007
0.4539999999999998
0.5120000000000001
0.45199999999999996
0.49399999999999994
0.43999999999999984
0.42899999999999994
0.486
0.4459999999999998
0.4519999999999999
0.5399999999999998
0.46399999999999986
0.5119999999999999
0.47399999999999987
0.5200000000000001
0.489
0.3829999999999999
0.36399999999999993
0.3399999999999999
0.39899999999999985
0.3799999999999998
0.39299999999999974
0.3739999999999999
0.3609999999999998
0.3729999999999999
0.37799999999999984
0.36899999999999983
0.379
0.336
0.34699999999999975
0.353
0.3060000000000001
0.3779999999999999
0.38300000000000006
0.36099999999999993
0.35100000000000015
0.348
0.37699999999999984
0.39500000000000013
0.37199999999999994
0.5089999999999999
0.4849999999999997
0.4359999999999999
0.395
0.3909999999999998
0.39799999999999996
0.384
0.395
0.41400000000000003
0.406
0.4040000000000002
0.389
0.38899999999999985
0.37200000000000016
0.35800000000000004
0.44100000000000017
0.534
0.5249999999999997
0.4
0.38599999999999995
0.4079999999999999
0.37999999999999984
0.4479999999999999
0.40700000000000003
0.442
0.3990000000000001
0.483
0.4190000000000002
0.4389999999999999
0.447
0.447
0.4449999999999998
0.39899999999999997
0.34900000000000003
0.37499999999999983
0.385
0.406
0.32899999999999996
0.38499999999999995
0.377
0.39199999999999996
0.3950000000000001
0.3750000000000002
0.5270000000000001
0.5619999999999998
0.49699999999999994
0.398
0.42500000000000016
0.37999999999999995
0.40600000000000036
0.5219999999999999
0.37799999999999995
0.468
0.56
0.4879999999999998
0.41400000000000015
0.4530000000000001
0.458
0.4179999999999999
0.47199999999999986
0.45800000000000013
0.45299999999999985
0.5509999999999997
0.541
0.46499999999999986
0.5309999999999999
0.5179999999999998
0.2970000000000002
0.2910000000000003
0.28500000000000025
0.26500000000000024
0.2550000000000002
0.26400000000000023
0.2740000000000002
0.2670000000000003
0.28800000000000026
0.26500000000000024
0.2860000000000002
0.30200000000000005
0.2730000000000002
0.2870000000000002
0.2670000000000001
0.28000000000000014
0.3270000000000002
0.3240000000000001
0.2700000000000001
0.28000000000000025
0.2790000000000002
0.2630000000000001
0.2990000000000002
0.2860000000000003
0.2910000000000001
0.30600000000000027
0.32300000000000006
0.41200000000000003
0.385
0.3970000000000001
0.363
0.32599999999999996
0.3400000000000001
0.38999999999999985
0.3600000000000002
0.34500000000000014
0.37499999999999994
0.3659999999999999
0.386
0.38500000000000006
0.3420000000000003
0.3629999999999999
0.29700000000000015
0.2760000000000003
0.3070000000000002
0.30600000000000016
0.29300000000000015
0.31500000000000017
0.29400000000000015
0.348
0.333
0.35
0.374
0.3550000000000001
0.3559999999999999
0.4520000000000002
0.48999999999999994
0.5430000000000001
0.53
0.5519999999999999
0.5470000000000002
0.5419999999999999
0.5569999999999999
0.5710000000000001
0.5449999999999998
0.48200000000000015
0.5579999999999999
0.4680000000000002
0.5440000000000002
0.5860000000000001
0.585
0.5769999999999996
0.49700000000000005
0.49
0.5260000000000002
0.45500000000000007
0.3809999999999999
0.29000000000000015
0.3280000000000001
0.3420000000000002
0.2660000000000002
0.30500000000000005
0.28900000000000015
0.3510000000000001
0.2800000000000002
0.29900000000000015
0.29500000000000015
0.25700000000000023
0.31000000000000016
0.27300000000000024
0.2780000000000002
0.27800000000000014
0.24700000000000025
0.25200000000000033
0.2160000000000001
0.2710000000000002
0.25700000000000023
0.24900000000000005
0.2890000000000003
0.2670000000000002
0.2520000000000002
0.28100000000000025
0.27900000000000014
0.3090000000000001
0.2910000000000001
0.3080000000000001
0.3929999999999999
0.35999999999999993
0.359
0.353
0.4099999999999998
0.36099999999999993
0.45600000000000007
0.373
0.42299999999999977
0.36400000000000005
0.38400000000000006
0.3669999999999999
0.3220000000000002
0.36900000000000005
0.344
0.3340000000000002
0.30000000000000016
0.2940000000000002
0.2830000000000002
0.32600000000000007
0.29600000000000015
0.38100000000000017
0.3320000000000001
0.34299999999999997
0.3580000000000001
0.34300000000000014
0.3969999999999998
0.4519999999999997
0.5119999999999999
0.44799999999999995
0.5059999999999998
0.43599999999999994
0.5199999999999997
0.4839999999999998
0.474
0.39100000000000007
0.512
0.44200000000000017
0.41100000000000003
0.45
0.3300000000000003
0.4679999999999999
0.505
0.44299999999999995
0.5129999999999998
0.477
0.504
0.5309999999999997
0.5869999999999999
0.5339999999999998
0.5489999999999998
0.5589999999999992
0.5239999999999999
0.5919999999999996
0.6719999999999995
0.5099999999999997
0.6979999999999993
0.319